2026-01-13 14:05:19,103 : MobileNetV1(
2026-01-13 14:05:19,103 :   (model): WhiteSequential(
2026-01-13 14:05:19,103 :     (0): WhiteSequential(
2026-01-13 14:05:19,103 :       (0): WhiteConv2(3, 32, kernel_size=(3, 3), stride=(2, 2), padding=(1, 1))
2026-01-13 14:05:19,103 :       (1): WhiteBatchNorm2d(32, eps=1e-05, momentum=0.1, affine=True, track_running_stats=True)
2026-01-13 14:05:19,103 :     )
2026-01-13 14:05:19,103 :     (1): WhiteSequential(
2026-01-13 14:05:19,105 :       (0): WhiteConv2Groups(32, 32, kernel_size=(3, 3), stride=(1, 1), padding=(1, 1), groups=32, bias=False)
2026-01-13 14:05:19,115 :       (1): WhiteBatchNorm2d(32, eps=1e-05, momentum=0.1, affine=True, track_running_stats=True)
2026-01-13 14:05:19,115 :       (2): WhiteConv2(32, 64, kernel_size=(1, 1), stride=(1, 1), bias=False)
2026-01-13 14:05:19,115 :       (3): WhiteBatchNorm2d(64, eps=1e-05, momentum=0.1, affine=True, track_running_stats=True)
2026-01-13 14:05:19,115 :     )
2026-01-13 14:05:19,115 :     (2): WhiteSequential(
2026-01-13 14:05:19,115 :       (0): WhiteConv2Groups(64, 64, kernel_size=(3, 3), stride=(2, 2), padding=(1, 1), groups=64, bias=False)
2026-01-13 14:05:19,116 :       (1): WhiteBatchNorm2d(64, eps=1e-05, momentum=0.1, affine=True, track_running_stats=True)
2026-01-13 14:05:19,116 :       (2): WhiteConv2(64, 128, kernel_size=(1, 1), stride=(1, 1), bias=False)
2026-01-13 14:05:19,116 :       (3): WhiteBatchNorm2d(128, eps=1e-05, momentum=0.1, affine=True, track_running_stats=True)
2026-01-13 14:05:19,116 :     )
2026-01-13 14:05:19,116 :     (3): WhiteSequential(
2026-01-13 14:05:19,116 :       (0): WhiteConv2Groups(128, 128, kernel_size=(3, 3), stride=(1, 1), padding=(1, 1), groups=128, bias=False)
2026-01-13 14:05:19,116 :       (1): WhiteBatchNorm2d(128, eps=1e-05, momentum=0.1, affine=True, track_running_stats=True)
2026-01-13 14:05:19,116 :       (2): WhiteConv2(128, 128, kernel_size=(1, 1), stride=(1, 1), bias=False)
2026-01-13 14:05:19,116 :       (3): WhiteBatchNorm2d(128, eps=1e-05, momentum=0.1, affine=True, track_running_stats=True)
2026-01-13 14:05:19,117 :     )
2026-01-13 14:05:19,117 :     (4): WhiteSequential(
2026-01-13 14:05:19,117 :       (0): WhiteConv2Groups(128, 128, kernel_size=(3, 3), stride=(2, 2), padding=(1, 1), groups=128, bias=False)
2026-01-13 14:05:19,117 :       (1): WhiteBatchNorm2d(128, eps=1e-05, momentum=0.1, affine=True, track_running_stats=True)
2026-01-13 14:05:19,117 :       (2): WhiteConv2(128, 256, kernel_size=(1, 1), stride=(1, 1), bias=False)
2026-01-13 14:05:19,117 :       (3): WhiteBatchNorm2d(256, eps=1e-05, momentum=0.1, affine=True, track_running_stats=True)
2026-01-13 14:05:19,117 :     )
2026-01-13 14:05:19,117 :     (5): WhiteSequential(
2026-01-13 14:05:19,117 :       (0): WhiteConv2Groups(256, 256, kernel_size=(3, 3), stride=(1, 1), padding=(1, 1), groups=256, bias=False)
2026-01-13 14:05:19,118 :       (1): WhiteBatchNorm2d(256, eps=1e-05, momentum=0.1, affine=True, track_running_stats=True)
2026-01-13 14:05:19,118 :       (2): WhiteConv2(256, 256, kernel_size=(1, 1), stride=(1, 1), bias=False)
2026-01-13 14:05:19,118 :       (3): WhiteBatchNorm2d(256, eps=1e-05, momentum=0.1, affine=True, track_running_stats=True)
2026-01-13 14:05:19,118 :     )
2026-01-13 14:05:19,118 :     (6): WhiteSequential(
2026-01-13 14:05:19,118 :       (0): WhiteConv2Groups(256, 256, kernel_size=(3, 3), stride=(2, 2), padding=(1, 1), groups=256, bias=False)
2026-01-13 14:05:19,118 :       (1): WhiteBatchNorm2d(256, eps=1e-05, momentum=0.1, affine=True, track_running_stats=True)
2026-01-13 14:05:19,118 :       (2): WhiteConv2(256, 512, kernel_size=(1, 1), stride=(1, 1), bias=False)
2026-01-13 14:05:19,118 :       (3): WhiteBatchNorm2d(512, eps=1e-05, momentum=0.1, affine=True, track_running_stats=True)
2026-01-13 14:05:19,118 :     )
2026-01-13 14:05:19,119 :     (7): WhiteSequential(
2026-01-13 14:05:19,119 :       (0): WhiteConv2Groups(512, 512, kernel_size=(3, 3), stride=(1, 1), padding=(1, 1), groups=512, bias=False)
2026-01-13 14:05:19,119 :       (1): WhiteBatchNorm2d(512, eps=1e-05, momentum=0.1, affine=True, track_running_stats=True)
2026-01-13 14:05:19,119 :       (2): WhiteConv2(512, 512, kernel_size=(1, 1), stride=(1, 1), bias=False)
2026-01-13 14:05:19,119 :       (3): WhiteBatchNorm2d(512, eps=1e-05, momentum=0.1, affine=True, track_running_stats=True)
2026-01-13 14:05:19,119 :     )
2026-01-13 14:05:19,119 :     (8): WhiteSequential(
2026-01-13 14:05:19,119 :       (0): WhiteConv2Groups(512, 512, kernel_size=(3, 3), stride=(1, 1), padding=(1, 1), groups=512, bias=False)
2026-01-13 14:05:19,119 :       (1): WhiteBatchNorm2d(512, eps=1e-05, momentum=0.1, affine=True, track_running_stats=True)
2026-01-13 14:05:19,119 :       (2): WhiteConv2(512, 512, kernel_size=(1, 1), stride=(1, 1), bias=False)
2026-01-13 14:05:19,119 :       (3): WhiteBatchNorm2d(512, eps=1e-05, momentum=0.1, affine=True, track_running_stats=True)
2026-01-13 14:05:19,119 :     )
2026-01-13 14:05:19,120 :     (9): WhiteSequential(
2026-01-13 14:05:19,120 :       (0): WhiteConv2Groups(512, 512, kernel_size=(3, 3), stride=(1, 1), padding=(1, 1), groups=512, bias=False)
2026-01-13 14:05:19,120 :       (1): WhiteBatchNorm2d(512, eps=1e-05, momentum=0.1, affine=True, track_running_stats=True)
2026-01-13 14:05:19,120 :       (2): WhiteConv2(512, 512, kernel_size=(1, 1), stride=(1, 1), bias=False)
2026-01-13 14:05:19,120 :       (3): WhiteBatchNorm2d(512, eps=1e-05, momentum=0.1, affine=True, track_running_stats=True)
2026-01-13 14:05:19,120 :     )
2026-01-13 14:05:19,120 :     (10): WhiteSequential(
2026-01-13 14:05:19,120 :       (0): WhiteConv2Groups(512, 512, kernel_size=(3, 3), stride=(1, 1), padding=(1, 1), groups=512, bias=False)
2026-01-13 14:05:19,120 :       (1): WhiteBatchNorm2d(512, eps=1e-05, momentum=0.1, affine=True, track_running_stats=True)
2026-01-13 14:05:19,120 :       (2): WhiteConv2(512, 512, kernel_size=(1, 1), stride=(1, 1), bias=False)
2026-01-13 14:05:19,120 :       (3): WhiteBatchNorm2d(512, eps=1e-05, momentum=0.1, affine=True, track_running_stats=True)
2026-01-13 14:05:19,120 :     )
2026-01-13 14:05:19,122 :     (11): WhiteSequential(
2026-01-13 14:05:19,122 :       (0): WhiteConv2Groups(512, 512, kernel_size=(3, 3), stride=(1, 1), padding=(1, 1), groups=512, bias=False)
2026-01-13 14:05:19,122 :       (1): WhiteBatchNorm2d(512, eps=1e-05, momentum=0.1, affine=True, track_running_stats=True)
2026-01-13 14:05:19,122 :       (2): WhiteConv2(512, 512, kernel_size=(1, 1), stride=(1, 1), bias=False)
2026-01-13 14:05:19,122 :       (3): WhiteBatchNorm2d(512, eps=1e-05, momentum=0.1, affine=True, track_running_stats=True)
2026-01-13 14:05:19,122 :     )
2026-01-13 14:05:19,122 :     (12): WhiteSequential(
2026-01-13 14:05:19,122 :       (0): WhiteConv2Groups(512, 512, kernel_size=(3, 3), stride=(2, 2), padding=(1, 1), groups=512, bias=False)
2026-01-13 14:05:19,122 :       (1): WhiteBatchNorm2d(512, eps=1e-05, momentum=0.1, affine=True, track_running_stats=True)
2026-01-13 14:05:19,122 :       (2): WhiteConv2(512, 1024, kernel_size=(1, 1), stride=(1, 1), bias=False)
2026-01-13 14:05:19,123 :       (3): WhiteBatchNorm2d(1024, eps=1e-05, momentum=0.1, affine=True, track_running_stats=True)
2026-01-13 14:05:19,123 :     )
2026-01-13 14:05:19,123 :     (13): WhiteSequential(
2026-01-13 14:05:19,123 :       (0): WhiteConv2Groups(1024, 1024, kernel_size=(3, 3), stride=(1, 1), padding=(1, 1), groups=1024, bias=False)
2026-01-13 14:05:19,123 :       (1): WhiteBatchNorm2d(1024, eps=1e-05, momentum=0.1, affine=True, track_running_stats=True)
2026-01-13 14:05:19,123 :       (2): WhiteConv2(1024, 1024, kernel_size=(1, 1), stride=(1, 1), bias=False)
2026-01-13 14:05:19,123 :       (3): WhiteBatchNorm2d(1024, eps=1e-05, momentum=0.1, affine=True, track_running_stats=True)
2026-01-13 14:05:19,123 :     )
2026-01-13 14:05:19,123 :     (14): WhitePool()
2026-01-13 14:05:19,123 :   )
2026-01-13 14:05:19,123 :   (fc): WhiteMiniLinear(in_features=1024, out_features=1000, bias=True)
2026-01-13 14:05:19,124 : )
2026-01-13 14:05:19,343 : ==============================1-model.0.0 load==============================
2026-01-13 14:05:19,345 : ==============================2-model.0.1 load==============================
2026-01-13 14:05:19,362 : ==============================3-model.1.0 load==============================
2026-01-13 14:05:19,364 : ==============================4-model.1.1 load==============================
2026-01-13 14:05:19,461 : ==============================5-model.1.2 load==============================
2026-01-13 14:05:19,462 : ==============================6-model.1.3 load==============================
2026-01-13 14:05:19,489 : ==============================7-model.2.0 load==============================
2026-01-13 14:05:19,490 : ==============================8-model.2.1 load==============================
2026-01-13 14:05:19,795 : ==============================9-model.2.2 load==============================
2026-01-13 14:05:19,797 : ==============================10-model.2.3 load==============================
2026-01-13 14:05:19,862 : ==============================11-model.3.0 load==============================
2026-01-13 14:05:19,864 : ==============================12-model.3.1 load==============================
2026-01-13 14:05:20,245 : ==============================13-model.3.2 load==============================
2026-01-13 14:05:20,247 : ==============================14-model.3.3 load==============================
2026-01-13 14:05:20,301 : ==============================15-model.4.0 load==============================
2026-01-13 14:05:20,302 : ==============================16-model.4.1 load==============================
2026-01-13 14:05:20,862 : ==============================17-model.4.2 load==============================
2026-01-13 14:05:20,864 : ==============================18-model.4.3 load==============================
2026-01-13 14:05:20,967 : ==============================19-model.5.0 load==============================
2026-01-13 14:05:20,968 : ==============================20-model.5.1 load==============================
2026-01-13 14:05:21,715 : ==============================21-model.5.2 load==============================
2026-01-13 14:05:21,717 : ==============================22-model.5.3 load==============================
2026-01-13 14:05:21,836 : ==============================23-model.6.0 load==============================
2026-01-13 14:05:21,838 : ==============================24-model.6.1 load==============================
2026-01-13 14:05:23,004 : ==============================25-model.6.2 load==============================
2026-01-13 14:05:23,007 : ==============================26-model.6.3 load==============================
2026-01-13 14:05:23,249 : ==============================27-model.7.0 load==============================
2026-01-13 14:05:23,254 : ==============================28-model.7.1 load==============================
2026-01-13 14:05:24,785 : ==============================29-model.7.2 load==============================
2026-01-13 14:05:24,788 : ==============================30-model.7.3 load==============================
2026-01-13 14:05:24,994 : ==============================31-model.8.0 load==============================
2026-01-13 14:05:24,997 : ==============================32-model.8.1 load==============================
2026-01-13 14:05:26,548 : ==============================33-model.8.2 load==============================
2026-01-13 14:05:26,552 : ==============================34-model.8.3 load==============================
2026-01-13 14:05:26,781 : ==============================35-model.9.0 load==============================
2026-01-13 14:05:26,784 : ==============================36-model.9.1 load==============================
2026-01-13 14:05:28,305 : ==============================37-model.9.2 load==============================
2026-01-13 14:05:28,307 : ==============================38-model.9.3 load==============================
2026-01-13 14:05:28,513 : ==============================39-model.10.0 load==============================
2026-01-13 14:05:28,520 : ==============================40-model.10.1 load==============================
2026-01-13 14:05:30,095 : ==============================41-model.10.2 load==============================
2026-01-13 14:05:30,098 : ==============================42-model.10.3 load==============================
2026-01-13 14:05:30,313 : ==============================43-model.11.0 load==============================
2026-01-13 14:05:30,315 : ==============================44-model.11.1 load==============================
2026-01-13 14:05:31,908 : ==============================45-model.11.2 load==============================
2026-01-13 14:05:31,911 : ==============================46-model.11.3 load==============================
2026-01-13 14:05:32,138 : ==============================47-model.12.0 load==============================
2026-01-13 14:05:32,141 : ==============================48-model.12.1 load==============================
2026-01-13 14:05:32,142 : Traceback (most recent call last):
2026-01-13 14:05:32,142 :   File "C:\Users\12784\anaconda3\envs\py3.10\lib\site-packages\numpy\lib\npyio.py", line 465, in load
2026-01-13 14:05:32,143 :     return pickle.load(fid, **pickle_kwargs)
2026-01-13 14:05:32,143 : _pickle.UnpicklingError: invalid load key, 'v'.
2026-01-13 14:05:32,144 : 
2026-01-13 14:05:32,144 : The above exception was the direct cause of the following exception:
2026-01-13 14:05:32,144 : 
2026-01-13 14:05:32,144 : Traceback (most recent call last):
2026-01-13 14:05:32,144 :   File "E:\TableNet2026\generateWhitebox.py", line 170, in <module>
2026-01-13 14:05:32,144 :     net.test_whitebox(save_path, train_set, test_set, test_batch_size, clustering_batch_size, white_bit, input_format)
2026-01-13 14:05:32,144 :   File "E:\TableNet2026\modules\white_net.py", line 80, in test_whitebox
2026-01-13 14:05:32,145 :     if module.load_table_compressed():
2026-01-13 14:05:32,145 :   File "E:\TableNet2026\modules\parents\clustering_layer.py", line 27, in load_table_compressed
2026-01-13 14:05:32,145 :     white_table = np.load(path + "/" + layer_name + "_table.npz", allow_pickle=True)
2026-01-13 14:05:32,145 :   File "C:\Users\12784\anaconda3\envs\py3.10\lib\site-packages\numpy\lib\npyio.py", line 467, in load
2026-01-13 14:05:32,146 :     raise pickle.UnpicklingError(
2026-01-13 14:05:32,146 : _pickle.UnpicklingError: Failed to interpret file './result/prune_table\\MobileNetV1/7/5000/model.12.2_table.npz' as a pickle
